Start testing: Jun 10 17:56 Central Daylight Time
----------------------------------------------------------
1/5 Testing: CalculatorTest.Add
1/5 Test: CalculatorTest.Add
Command: "G:/VS_repos/CMakeProject1/build/test/Debug/unit_tests.exe" "--gtest_filter=CalculatorTest.Add" "--gtest_also_run_disabled_tests"
Directory: G:/VS_repos/CMakeProject1/build/test
"CalculatorTest.Add" start time: Jun 10 17:56 Central Daylight Time
Output:
----------------------------------------------------------
Running main() from G:\VS_repos\CMakeProject1\build\_deps\googletest-src\googletest\src\gtest_main.cc
Note: Google Test filter = CalculatorTest.Add
[==========] Running 1 test from 1 test suite.
[----------] Global test environment set-up.
[----------] 1 test from CalculatorTest
[ RUN      ] CalculatorTest.Add
[       OK ] CalculatorTest.Add (0 ms)
[----------] 1 test from CalculatorTest (0 ms total)

[----------] Global test environment tear-down
[==========] 1 test from 1 test suite ran. (0 ms total)
[  PASSED  ] 1 test.
<end of output>
Test time =   0.01 sec
----------------------------------------------------------
Test Passed.
"CalculatorTest.Add" end time: Jun 10 17:56 Central Daylight Time
"CalculatorTest.Add" time elapsed: 00:00:00
----------------------------------------------------------

2/5 Testing: CalculatorTest.Sub
2/5 Test: CalculatorTest.Sub
Command: "G:/VS_repos/CMakeProject1/build/test/Debug/unit_tests.exe" "--gtest_filter=CalculatorTest.Sub" "--gtest_also_run_disabled_tests"
Directory: G:/VS_repos/CMakeProject1/build/test
"CalculatorTest.Sub" start time: Jun 10 17:56 Central Daylight Time
Output:
----------------------------------------------------------
Running main() from G:\VS_repos\CMakeProject1\build\_deps\googletest-src\googletest\src\gtest_main.cc
Note: Google Test filter = CalculatorTest.Sub
[==========] Running 1 test from 1 test suite.
[----------] Global test environment set-up.
[----------] 1 test from CalculatorTest
[ RUN      ] CalculatorTest.Sub
[       OK ] CalculatorTest.Sub (0 ms)
[----------] 1 test from CalculatorTest (0 ms total)

[----------] Global test environment tear-down
[==========] 1 test from 1 test suite ran. (0 ms total)
[  PASSED  ] 1 test.
<end of output>
Test time =   0.01 sec
----------------------------------------------------------
Test Passed.
"CalculatorTest.Sub" end time: Jun 10 17:56 Central Daylight Time
"CalculatorTest.Sub" time elapsed: 00:00:00
----------------------------------------------------------

3/5 Testing: CalculatorTest.Mul
3/5 Test: CalculatorTest.Mul
Command: "G:/VS_repos/CMakeProject1/build/test/Debug/unit_tests.exe" "--gtest_filter=CalculatorTest.Mul" "--gtest_also_run_disabled_tests"
Directory: G:/VS_repos/CMakeProject1/build/test
"CalculatorTest.Mul" start time: Jun 10 17:56 Central Daylight Time
Output:
----------------------------------------------------------
Running main() from G:\VS_repos\CMakeProject1\build\_deps\googletest-src\googletest\src\gtest_main.cc
Note: Google Test filter = CalculatorTest.Mul
[==========] Running 1 test from 1 test suite.
[----------] Global test environment set-up.
[----------] 1 test from CalculatorTest
[ RUN      ] CalculatorTest.Mul
[       OK ] CalculatorTest.Mul (0 ms)
[----------] 1 test from CalculatorTest (0 ms total)

[----------] Global test environment tear-down
[==========] 1 test from 1 test suite ran. (0 ms total)
[  PASSED  ] 1 test.
<end of output>
Test time =   0.01 sec
----------------------------------------------------------
Test Passed.
"CalculatorTest.Mul" end time: Jun 10 17:56 Central Daylight Time
"CalculatorTest.Mul" time elapsed: 00:00:00
----------------------------------------------------------

4/5 Testing: CalculatorTest.Div
4/5 Test: CalculatorTest.Div
Command: "G:/VS_repos/CMakeProject1/build/test/Debug/unit_tests.exe" "--gtest_filter=CalculatorTest.Div" "--gtest_also_run_disabled_tests"
Directory: G:/VS_repos/CMakeProject1/build/test
"CalculatorTest.Div" start time: Jun 10 17:56 Central Daylight Time
Output:
----------------------------------------------------------
Running main() from G:\VS_repos\CMakeProject1\build\_deps\googletest-src\googletest\src\gtest_main.cc
Note: Google Test filter = CalculatorTest.Div
[==========] Running 1 test from 1 test suite.
[----------] Global test environment set-up.
[----------] 1 test from CalculatorTest
[ RUN      ] CalculatorTest.Div
[       OK ] CalculatorTest.Div (0 ms)
[----------] 1 test from CalculatorTest (0 ms total)

[----------] Global test environment tear-down
[==========] 1 test from 1 test suite ran. (0 ms total)
[  PASSED  ] 1 test.
<end of output>
Test time =   0.01 sec
----------------------------------------------------------
Test Passed.
"CalculatorTest.Div" end time: Jun 10 17:56 Central Daylight Time
"CalculatorTest.Div" time elapsed: 00:00:00
----------------------------------------------------------

5/5 Testing: CalculatorTest.Mod
5/5 Test: CalculatorTest.Mod
Command: "G:/VS_repos/CMakeProject1/build/test/Debug/unit_tests.exe" "--gtest_filter=CalculatorTest.Mod" "--gtest_also_run_disabled_tests"
Directory: G:/VS_repos/CMakeProject1/build/test
"CalculatorTest.Mod" start time: Jun 10 17:56 Central Daylight Time
Output:
----------------------------------------------------------
Running main() from G:\VS_repos\CMakeProject1\build\_deps\googletest-src\googletest\src\gtest_main.cc
Note: Google Test filter = CalculatorTest.Mod
[==========] Running 1 test from 1 test suite.
[----------] Global test environment set-up.
[----------] 1 test from CalculatorTest
[ RUN      ] CalculatorTest.Mod
[       OK ] CalculatorTest.Mod (0 ms)
[----------] 1 test from CalculatorTest (0 ms total)

[----------] Global test environment tear-down
[==========] 1 test from 1 test suite ran. (0 ms total)
[  PASSED  ] 1 test.
<end of output>
Test time =   0.01 sec
----------------------------------------------------------
Test Passed.
"CalculatorTest.Mod" end time: Jun 10 17:56 Central Daylight Time
"CalculatorTest.Mod" time elapsed: 00:00:00
----------------------------------------------------------

End testing: Jun 10 17:56 Central Daylight Time
